<?xml version="1.0" encoding="UTF-8"?>
<testsuites>
  <testsuite name="" tests="51" assertions="135" errors="0" warnings="0" failures="0" skipped="0" time="0.361616">
    <testsuite name="Project Test Suite" tests="51" assertions="135" errors="0" warnings="0" failures="0" skipped="0" time="0.361616">
      <testsuite name="App\Cards\BlackJackTest" file="/home/tim/dbwebb-kurser/mvc/me/report/tests/Cards/BlackJackTest.php" tests="13" assertions="62" errors="0" warnings="0" failures="0" skipped="0" time="0.014271">
        <testcase name="testStartGame" class="App\Cards\BlackJackTest" classname="App.Cards.BlackJackTest" file="/home/tim/dbwebb-kurser/mvc/me/report/tests/Cards/BlackJackTest.php" line="15" assertions="2" time="0.007483"/>
        <testcase name="testDrawCard" class="App\Cards\BlackJackTest" classname="App.Cards.BlackJackTest" file="/home/tim/dbwebb-kurser/mvc/me/report/tests/Cards/BlackJackTest.php" line="26" assertions="2" time="0.000468"/>
        <testcase name="testPlayerHand" class="App\Cards\BlackJackTest" classname="App.Cards.BlackJackTest" file="/home/tim/dbwebb-kurser/mvc/me/report/tests/Cards/BlackJackTest.php" line="36" assertions="5" time="0.000851"/>
        <testcase name="testDealerHand" class="App\Cards\BlackJackTest" classname="App.Cards.BlackJackTest" file="/home/tim/dbwebb-kurser/mvc/me/report/tests/Cards/BlackJackTest.php" line="65" assertions="4" time="0.000475"/>
        <testcase name="testGetScore" class="App\Cards\BlackJackTest" classname="App.Cards.BlackJackTest" file="/home/tim/dbwebb-kurser/mvc/me/report/tests/Cards/BlackJackTest.php" line="84" assertions="7" time="0.000458"/>
        <testcase name="testDealerGetScore" class="App\Cards\BlackJackTest" classname="App.Cards.BlackJackTest" file="/home/tim/dbwebb-kurser/mvc/me/report/tests/Cards/BlackJackTest.php" line="134" assertions="3" time="0.000815"/>
        <testcase name="testGetPlayerScore" class="App\Cards\BlackJackTest" classname="App.Cards.BlackJackTest" file="/home/tim/dbwebb-kurser/mvc/me/report/tests/Cards/BlackJackTest.php" line="155" assertions="2" time="0.000452"/>
        <testcase name="testNoScore" class="App\Cards\BlackJackTest" classname="App.Cards.BlackJackTest" file="/home/tim/dbwebb-kurser/mvc/me/report/tests/Cards/BlackJackTest.php" line="169" assertions="3" time="0.000451"/>
        <testcase name="testGame21" class="App\Cards\BlackJackTest" classname="App.Cards.BlackJackTest" file="/home/tim/dbwebb-kurser/mvc/me/report/tests/Cards/BlackJackTest.php" line="181" assertions="8" time="0.000659"/>
        <testcase name="testGameBust" class="App\Cards\BlackJackTest" classname="App.Cards.BlackJackTest" file="/home/tim/dbwebb-kurser/mvc/me/report/tests/Cards/BlackJackTest.php" line="220" assertions="8" time="0.000646"/>
        <testcase name="testGameSameValue" class="App\Cards\BlackJackTest" classname="App.Cards.BlackJackTest" file="/home/tim/dbwebb-kurser/mvc/me/report/tests/Cards/BlackJackTest.php" line="259" assertions="6" time="0.000491"/>
        <testcase name="testPlayerWin" class="App\Cards\BlackJackTest" classname="App.Cards.BlackJackTest" file="/home/tim/dbwebb-kurser/mvc/me/report/tests/Cards/BlackJackTest.php" line="294" assertions="6" time="0.000505"/>
        <testcase name="testDealerWin" class="App\Cards\BlackJackTest" classname="App.Cards.BlackJackTest" file="/home/tim/dbwebb-kurser/mvc/me/report/tests/Cards/BlackJackTest.php" line="330" assertions="6" time="0.000517"/>
      </testsuite>
      <testsuite name="App\Cards\CardGraphicTest" file="/home/tim/dbwebb-kurser/mvc/me/report/tests/Cards/CardGraphicTest.php" tests="2" assertions="5" errors="0" warnings="0" failures="0" skipped="0" time="0.000487">
        <testcase name="testCreateCard" class="App\Cards\CardGraphicTest" classname="App.Cards.CardGraphicTest" file="/home/tim/dbwebb-kurser/mvc/me/report/tests/Cards/CardGraphicTest.php" line="15" assertions="2" time="0.000240"/>
        <testcase name="testGetAssString" class="App\Cards\CardGraphicTest" classname="App.Cards.CardGraphicTest" file="/home/tim/dbwebb-kurser/mvc/me/report/tests/Cards/CardGraphicTest.php" line="26" assertions="3" time="0.000247"/>
      </testsuite>
      <testsuite name="App\Cards\CardsTest" file="/home/tim/dbwebb-kurser/mvc/me/report/tests/Cards/CardsTest.php" tests="4" assertions="13" errors="0" warnings="0" failures="0" skipped="0" time="0.000983">
        <testcase name="testCreateCard" class="App\Cards\CardsTest" classname="App.Cards.CardsTest" file="/home/tim/dbwebb-kurser/mvc/me/report/tests/Cards/CardsTest.php" line="15" assertions="2" time="0.000246"/>
        <testcase name="testCardValue" class="App\Cards\CardsTest" classname="App.Cards.CardsTest" file="/home/tim/dbwebb-kurser/mvc/me/report/tests/Cards/CardsTest.php" line="27" assertions="4" time="0.000255"/>
        <testcase name="testCardSuit" class="App\Cards\CardsTest" classname="App.Cards.CardsTest" file="/home/tim/dbwebb-kurser/mvc/me/report/tests/Cards/CardsTest.php" line="46" assertions="3" time="0.000239"/>
        <testcase name="testGetString" class="App\Cards\CardsTest" classname="App.Cards.CardsTest" file="/home/tim/dbwebb-kurser/mvc/me/report/tests/Cards/CardsTest.php" line="63" assertions="4" time="0.000243"/>
      </testsuite>
      <testsuite name="App\Cards\DeckOfCardsTest" file="/home/tim/dbwebb-kurser/mvc/me/report/tests/Cards/DeckOfCardsTest.php" tests="7" assertions="20" errors="0" warnings="0" failures="0" skipped="0" time="0.003073">
        <testcase name="testCreateDeck" class="App\Cards\DeckOfCardsTest" classname="App.Cards.DeckOfCardsTest" file="/home/tim/dbwebb-kurser/mvc/me/report/tests/Cards/DeckOfCardsTest.php" line="16" assertions="2" time="0.000414"/>
        <testcase name="testGetString" class="App\Cards\DeckOfCardsTest" classname="App.Cards.DeckOfCardsTest" file="/home/tim/dbwebb-kurser/mvc/me/report/tests/Cards/DeckOfCardsTest.php" line="25" assertions="2" time="0.000462"/>
        <testcase name="testDrawCard" class="App\Cards\DeckOfCardsTest" classname="App.Cards.DeckOfCardsTest" file="/home/tim/dbwebb-kurser/mvc/me/report/tests/Cards/DeckOfCardsTest.php" line="37" assertions="3" time="0.000428"/>
        <testcase name="testTotalCards" class="App\Cards\DeckOfCardsTest" classname="App.Cards.DeckOfCardsTest" file="/home/tim/dbwebb-kurser/mvc/me/report/tests/Cards/DeckOfCardsTest.php" line="54" assertions="2" time="0.000402"/>
        <testcase name="testGetCard" class="App\Cards\DeckOfCardsTest" classname="App.Cards.DeckOfCardsTest" file="/home/tim/dbwebb-kurser/mvc/me/report/tests/Cards/DeckOfCardsTest.php" line="64" assertions="4" time="0.000469"/>
        <testcase name="testGetSuit" class="App\Cards\DeckOfCardsTest" classname="App.Cards.DeckOfCardsTest" file="/home/tim/dbwebb-kurser/mvc/me/report/tests/Cards/DeckOfCardsTest.php" line="84" assertions="5" time="0.000460"/>
        <testcase name="testShuffle" class="App\Cards\DeckOfCardsTest" classname="App.Cards.DeckOfCardsTest" file="/home/tim/dbwebb-kurser/mvc/me/report/tests/Cards/DeckOfCardsTest.php" line="106" assertions="2" time="0.000438"/>
      </testsuite>
      <testsuite name="App\Tests\Controller\ApiControllerTest" file="/home/tim/dbwebb-kurser/mvc/me/report/tests/Controller/ApiControllerTest.php" tests="1" assertions="1" errors="0" warnings="0" failures="0" skipped="0" time="0.153041">
        <testcase name="testApiDeck" class="App\Tests\Controller\ApiControllerTest" classname="App.Tests.Controller.ApiControllerTest" file="/home/tim/dbwebb-kurser/mvc/me/report/tests/Controller/ApiControllerTest.php" line="12" assertions="1" time="0.153041"/>
      </testsuite>
      <testsuite name="App\Tests\Controller\CardsControllerTest" file="/home/tim/dbwebb-kurser/mvc/me/report/tests/Controller/CardsControllerTest.php" tests="3" assertions="3" errors="0" warnings="0" failures="0" skipped="0" time="0.046689">
        <testcase name="testSessionStart" class="App\Tests\Controller\CardsControllerTest" classname="App.Tests.Controller.CardsControllerTest" file="/home/tim/dbwebb-kurser/mvc/me/report/tests/Controller/CardsControllerTest.php" line="12" assertions="1" time="0.010512"/>
        <testcase name="testSessionDelete" class="App\Tests\Controller\CardsControllerTest" classname="App.Tests.Controller.CardsControllerTest" file="/home/tim/dbwebb-kurser/mvc/me/report/tests/Controller/CardsControllerTest.php" line="25" assertions="1" time="0.024206"/>
        <testcase name="testCard" class="App\Tests\Controller\CardsControllerTest" classname="App.Tests.Controller.CardsControllerTest" file="/home/tim/dbwebb-kurser/mvc/me/report/tests/Controller/CardsControllerTest.php" line="39" assertions="1" time="0.011971"/>
      </testsuite>
      <testsuite name="App\Tests\Controller\GameControllerTest" file="/home/tim/dbwebb-kurser/mvc/me/report/tests/Controller/GameControllerTest.php" tests="3" assertions="3" errors="0" warnings="0" failures="0" skipped="0" time="0.029072">
        <testcase name="testGameSession" class="App\Tests\Controller\GameControllerTest" classname="App.Tests.Controller.GameControllerTest" file="/home/tim/dbwebb-kurser/mvc/me/report/tests/Controller/GameControllerTest.php" line="13" assertions="1" time="0.005552"/>
        <testcase name="testStartGame" class="App\Tests\Controller\GameControllerTest" classname="App.Tests.Controller.GameControllerTest" file="/home/tim/dbwebb-kurser/mvc/me/report/tests/Controller/GameControllerTest.php" line="26" assertions="1" time="0.011455"/>
        <testcase name="testGameDoc" class="App\Tests\Controller\GameControllerTest" classname="App.Tests.Controller.GameControllerTest" file="/home/tim/dbwebb-kurser/mvc/me/report/tests/Controller/GameControllerTest.php" line="42" assertions="1" time="0.012065"/>
      </testsuite>
      <testsuite name="App\Tests\Controller\LuckyControllerJsonTest" file="/home/tim/dbwebb-kurser/mvc/me/report/tests/Controller/LuckyControllerJsonTest.php" tests="3" assertions="3" errors="0" warnings="0" failures="0" skipped="0" time="0.015670">
        <testcase name="testJsonNumber" class="App\Tests\Controller\LuckyControllerJsonTest" classname="App.Tests.Controller.LuckyControllerJsonTest" file="/home/tim/dbwebb-kurser/mvc/me/report/tests/Controller/LuckyControllerJsonTest.php" line="12" assertions="1" time="0.005332"/>
        <testcase name="testHi" class="App\Tests\Controller\LuckyControllerJsonTest" classname="App.Tests.Controller.LuckyControllerJsonTest" file="/home/tim/dbwebb-kurser/mvc/me/report/tests/Controller/LuckyControllerJsonTest.php" line="25" assertions="1" time="0.005390"/>
        <testcase name="testLuckyNumber" class="App\Tests\Controller\LuckyControllerJsonTest" classname="App.Tests.Controller.LuckyControllerJsonTest" file="/home/tim/dbwebb-kurser/mvc/me/report/tests/Controller/LuckyControllerJsonTest.php" line="38" assertions="1" time="0.004948"/>
      </testsuite>
      <testsuite name="App\Tests\Controller\LuckyControllerTwigTest" file="/home/tim/dbwebb-kurser/mvc/me/report/tests/Controller/LuckyControllerTwigTest.php" tests="5" assertions="5" errors="0" warnings="0" failures="0" skipped="0" time="0.055059">
        <testcase name="testNumber" class="App\Tests\Controller\LuckyControllerTwigTest" classname="App.Tests.Controller.LuckyControllerTwigTest" file="/home/tim/dbwebb-kurser/mvc/me/report/tests/Controller/LuckyControllerTwigTest.php" line="12" assertions="1" time="0.010512"/>
        <testcase name="testHome" class="App\Tests\Controller\LuckyControllerTwigTest" classname="App.Tests.Controller.LuckyControllerTwigTest" file="/home/tim/dbwebb-kurser/mvc/me/report/tests/Controller/LuckyControllerTwigTest.php" line="25" assertions="1" time="0.010421"/>
        <testcase name="testAbout" class="App\Tests\Controller\LuckyControllerTwigTest" classname="App.Tests.Controller.LuckyControllerTwigTest" file="/home/tim/dbwebb-kurser/mvc/me/report/tests/Controller/LuckyControllerTwigTest.php" line="39" assertions="1" time="0.010572"/>
        <testcase name="testMain" class="App\Tests\Controller\LuckyControllerTwigTest" classname="App.Tests.Controller.LuckyControllerTwigTest" file="/home/tim/dbwebb-kurser/mvc/me/report/tests/Controller/LuckyControllerTwigTest.php" line="52" assertions="1" time="0.010225"/>
        <testcase name="testReport" class="App\Tests\Controller\LuckyControllerTwigTest" classname="App.Tests.Controller.LuckyControllerTwigTest" file="/home/tim/dbwebb-kurser/mvc/me/report/tests/Controller/LuckyControllerTwigTest.php" line="65" assertions="1" time="0.013330"/>
      </testsuite>
      <testsuite name="App\Tests\Controller\MetricsControllerJsonTest" file="/home/tim/dbwebb-kurser/mvc/me/report/tests/Controller/MetricsControllerTest.php" tests="1" assertions="1" errors="0" warnings="0" failures="0" skipped="0" time="0.013452">
        <testcase name="testMetrics" class="App\Tests\Controller\MetricsControllerJsonTest" classname="App.Tests.Controller.MetricsControllerJsonTest" file="/home/tim/dbwebb-kurser/mvc/me/report/tests/Controller/MetricsControllerTest.php" line="12" assertions="1" time="0.013452"/>
      </testsuite>
      <testsuite name="App\Tests\Controller\QuoteControllerTest" file="/home/tim/dbwebb-kurser/mvc/me/report/tests/Controller/QuoteControllerTest.php" tests="3" assertions="3" errors="0" warnings="0" failures="0" skipped="0" time="0.027566">
        <testcase name="testJsonShowQuote" class="App\Tests\Controller\QuoteControllerTest" classname="App.Tests.Controller.QuoteControllerTest" file="/home/tim/dbwebb-kurser/mvc/me/report/tests/Controller/QuoteControllerTest.php" line="12" assertions="1" time="0.005520"/>
        <testcase name="testShowQuote" class="App\Tests\Controller\QuoteControllerTest" classname="App.Tests.Controller.QuoteControllerTest" file="/home/tim/dbwebb-kurser/mvc/me/report/tests/Controller/QuoteControllerTest.php" line="25" assertions="1" time="0.010033"/>
        <testcase name="testApi" class="App\Tests\Controller\QuoteControllerTest" classname="App.Tests.Controller.QuoteControllerTest" file="/home/tim/dbwebb-kurser/mvc/me/report/tests/Controller/QuoteControllerTest.php" line="38" assertions="1" time="0.012014"/>
      </testsuite>
      <testsuite name="App\Dice\DiceTest" file="/home/tim/dbwebb-kurser/mvc/me/report/tests/Dice/DiceTest.php" tests="2" assertions="4" errors="0" warnings="0" failures="0" skipped="0" time="0.000879">
        <testcase name="testCreateDice" class="App\Dice\DiceTest" classname="App.Dice.DiceTest" file="/home/tim/dbwebb-kurser/mvc/me/report/tests/Dice/DiceTest.php" line="16" assertions="2" time="0.000630"/>
        <testcase name="testDiceRoll" class="App\Dice\DiceTest" classname="App.Dice.DiceTest" file="/home/tim/dbwebb-kurser/mvc/me/report/tests/Dice/DiceTest.php" line="26" assertions="2" time="0.000248"/>
      </testsuite>
      <testsuite name="App\Entity\BookTest" file="/home/tim/dbwebb-kurser/mvc/me/report/tests/Entity/BookTest.php" tests="4" assertions="12" errors="0" warnings="0" failures="0" skipped="0" time="0.001374">
        <testcase name="testSetTitle" class="App\Entity\BookTest" classname="App.Entity.BookTest" file="/home/tim/dbwebb-kurser/mvc/me/report/tests/Entity/BookTest.php" line="16" assertions="3" time="0.000578"/>
        <testcase name="testSetISBN" class="App\Entity\BookTest" classname="App.Entity.BookTest" file="/home/tim/dbwebb-kurser/mvc/me/report/tests/Entity/BookTest.php" line="28" assertions="3" time="0.000274"/>
        <testcase name="testSetImage" class="App\Entity\BookTest" classname="App.Entity.BookTest" file="/home/tim/dbwebb-kurser/mvc/me/report/tests/Entity/BookTest.php" line="40" assertions="3" time="0.000261"/>
        <testcase name="testSetWriter" class="App\Entity\BookTest" classname="App.Entity.BookTest" file="/home/tim/dbwebb-kurser/mvc/me/report/tests/Entity/BookTest.php" line="52" assertions="3" time="0.000261"/>
      </testsuite>
    </testsuite>
  </testsuite>
</testsuites>
