<?xml version="1.0" encoding="UTF-8"?>
<testsuites>
  <testsuite name="" tests="27" assertions="102" errors="0" warnings="0" failures="0" skipped="0" time="0.022017">
    <testsuite name="Project Test Suite" tests="27" assertions="102" errors="0" warnings="0" failures="0" skipped="0" time="0.022017">
      <testsuite name="App\Cards\BlackJackTest" file="/home/tim/dbwebb-kurser/mvc/me/report/tests/Cards/BlackJackTest.php" tests="13" assertions="62" errors="0" warnings="0" failures="0" skipped="0" time="0.016441">
        <testcase name="testStartGame" class="App\Cards\BlackJackTest" classname="App.Cards.BlackJackTest" file="/home/tim/dbwebb-kurser/mvc/me/report/tests/Cards/BlackJackTest.php" line="15" assertions="2" time="0.009602"/>
        <testcase name="testDrawCard" class="App\Cards\BlackJackTest" classname="App.Cards.BlackJackTest" file="/home/tim/dbwebb-kurser/mvc/me/report/tests/Cards/BlackJackTest.php" line="26" assertions="2" time="0.000462"/>
        <testcase name="testPlayerHand" class="App\Cards\BlackJackTest" classname="App.Cards.BlackJackTest" file="/home/tim/dbwebb-kurser/mvc/me/report/tests/Cards/BlackJackTest.php" line="36" assertions="5" time="0.000847"/>
        <testcase name="testDealerHand" class="App\Cards\BlackJackTest" classname="App.Cards.BlackJackTest" file="/home/tim/dbwebb-kurser/mvc/me/report/tests/Cards/BlackJackTest.php" line="65" assertions="4" time="0.000503"/>
        <testcase name="testGetScore" class="App\Cards\BlackJackTest" classname="App.Cards.BlackJackTest" file="/home/tim/dbwebb-kurser/mvc/me/report/tests/Cards/BlackJackTest.php" line="84" assertions="7" time="0.000559"/>
        <testcase name="testDealerGetScore" class="App\Cards\BlackJackTest" classname="App.Cards.BlackJackTest" file="/home/tim/dbwebb-kurser/mvc/me/report/tests/Cards/BlackJackTest.php" line="134" assertions="3" time="0.000801"/>
        <testcase name="testGetPlayerScore" class="App\Cards\BlackJackTest" classname="App.Cards.BlackJackTest" file="/home/tim/dbwebb-kurser/mvc/me/report/tests/Cards/BlackJackTest.php" line="155" assertions="2" time="0.000452"/>
        <testcase name="testNoScore" class="App\Cards\BlackJackTest" classname="App.Cards.BlackJackTest" file="/home/tim/dbwebb-kurser/mvc/me/report/tests/Cards/BlackJackTest.php" line="169" assertions="3" time="0.000446"/>
        <testcase name="testGame21" class="App\Cards\BlackJackTest" classname="App.Cards.BlackJackTest" file="/home/tim/dbwebb-kurser/mvc/me/report/tests/Cards/BlackJackTest.php" line="181" assertions="8" time="0.000655"/>
        <testcase name="testGameBust" class="App\Cards\BlackJackTest" classname="App.Cards.BlackJackTest" file="/home/tim/dbwebb-kurser/mvc/me/report/tests/Cards/BlackJackTest.php" line="220" assertions="8" time="0.000654"/>
        <testcase name="testGameSameValue" class="App\Cards\BlackJackTest" classname="App.Cards.BlackJackTest" file="/home/tim/dbwebb-kurser/mvc/me/report/tests/Cards/BlackJackTest.php" line="259" assertions="6" time="0.000468"/>
        <testcase name="testPlayerWin" class="App\Cards\BlackJackTest" classname="App.Cards.BlackJackTest" file="/home/tim/dbwebb-kurser/mvc/me/report/tests/Cards/BlackJackTest.php" line="294" assertions="6" time="0.000484"/>
        <testcase name="testDealerWin" class="App\Cards\BlackJackTest" classname="App.Cards.BlackJackTest" file="/home/tim/dbwebb-kurser/mvc/me/report/tests/Cards/BlackJackTest.php" line="330" assertions="6" time="0.000508"/>
      </testsuite>
      <testsuite name="App\Cards\CardGraphicTest" file="/home/tim/dbwebb-kurser/mvc/me/report/tests/Cards/CardGraphicTest.php" tests="2" assertions="5" errors="0" warnings="0" failures="0" skipped="0" time="0.000490">
        <testcase name="testCreateCard" class="App\Cards\CardGraphicTest" classname="App.Cards.CardGraphicTest" file="/home/tim/dbwebb-kurser/mvc/me/report/tests/Cards/CardGraphicTest.php" line="15" assertions="2" time="0.000250"/>
        <testcase name="testGetAssString" class="App\Cards\CardGraphicTest" classname="App.Cards.CardGraphicTest" file="/home/tim/dbwebb-kurser/mvc/me/report/tests/Cards/CardGraphicTest.php" line="26" assertions="3" time="0.000240"/>
      </testsuite>
      <testsuite name="App\Cards\CardsTest" file="/home/tim/dbwebb-kurser/mvc/me/report/tests/Cards/CardsTest.php" tests="4" assertions="13" errors="0" warnings="0" failures="0" skipped="0" time="0.000974">
        <testcase name="testCreateCard" class="App\Cards\CardsTest" classname="App.Cards.CardsTest" file="/home/tim/dbwebb-kurser/mvc/me/report/tests/Cards/CardsTest.php" line="15" assertions="2" time="0.000229"/>
        <testcase name="testCardValue" class="App\Cards\CardsTest" classname="App.Cards.CardsTest" file="/home/tim/dbwebb-kurser/mvc/me/report/tests/Cards/CardsTest.php" line="27" assertions="4" time="0.000239"/>
        <testcase name="testCardSuit" class="App\Cards\CardsTest" classname="App.Cards.CardsTest" file="/home/tim/dbwebb-kurser/mvc/me/report/tests/Cards/CardsTest.php" line="46" assertions="3" time="0.000251"/>
        <testcase name="testGetString" class="App\Cards\CardsTest" classname="App.Cards.CardsTest" file="/home/tim/dbwebb-kurser/mvc/me/report/tests/Cards/CardsTest.php" line="63" assertions="4" time="0.000254"/>
      </testsuite>
      <testsuite name="App\Cards\DeckOfCardsTest" file="/home/tim/dbwebb-kurser/mvc/me/report/tests/Cards/DeckOfCardsTest.php" tests="7" assertions="20" errors="0" warnings="0" failures="0" skipped="0" time="0.003300">
        <testcase name="testCreateDeck" class="App\Cards\DeckOfCardsTest" classname="App.Cards.DeckOfCardsTest" file="/home/tim/dbwebb-kurser/mvc/me/report/tests/Cards/DeckOfCardsTest.php" line="16" assertions="2" time="0.000467"/>
        <testcase name="testGetString" class="App\Cards\DeckOfCardsTest" classname="App.Cards.DeckOfCardsTest" file="/home/tim/dbwebb-kurser/mvc/me/report/tests/Cards/DeckOfCardsTest.php" line="25" assertions="2" time="0.000551"/>
        <testcase name="testDrawCard" class="App\Cards\DeckOfCardsTest" classname="App.Cards.DeckOfCardsTest" file="/home/tim/dbwebb-kurser/mvc/me/report/tests/Cards/DeckOfCardsTest.php" line="37" assertions="3" time="0.000479"/>
        <testcase name="testTotalCards" class="App\Cards\DeckOfCardsTest" classname="App.Cards.DeckOfCardsTest" file="/home/tim/dbwebb-kurser/mvc/me/report/tests/Cards/DeckOfCardsTest.php" line="54" assertions="2" time="0.000405"/>
        <testcase name="testGetCard" class="App\Cards\DeckOfCardsTest" classname="App.Cards.DeckOfCardsTest" file="/home/tim/dbwebb-kurser/mvc/me/report/tests/Cards/DeckOfCardsTest.php" line="64" assertions="4" time="0.000479"/>
        <testcase name="testGetSuit" class="App\Cards\DeckOfCardsTest" classname="App.Cards.DeckOfCardsTest" file="/home/tim/dbwebb-kurser/mvc/me/report/tests/Cards/DeckOfCardsTest.php" line="84" assertions="5" time="0.000469"/>
        <testcase name="testShuffle" class="App\Cards\DeckOfCardsTest" classname="App.Cards.DeckOfCardsTest" file="/home/tim/dbwebb-kurser/mvc/me/report/tests/Cards/DeckOfCardsTest.php" line="106" assertions="2" time="0.000448"/>
      </testsuite>
      <testsuite name="App\Dice\DiceTest" file="/home/tim/dbwebb-kurser/mvc/me/report/tests/Dice/DiceTest.php" tests="1" assertions="2" errors="0" warnings="0" failures="0" skipped="0" time="0.000812">
        <testcase name="testCreateDice" class="App\Dice\DiceTest" classname="App.Dice.DiceTest" file="/home/tim/dbwebb-kurser/mvc/me/report/tests/Dice/DiceTest.php" line="16" assertions="2" time="0.000812"/>
      </testsuite>
    </testsuite>
  </testsuite>
</testsuites>
