<?xml version="1.0" encoding="UTF-8"?>
<testsuites>
  <testsuite name="" tests="56" assertions="140" errors="0" warnings="0" failures="0" skipped="0" time="0.461734">
    <testsuite name="Project Test Suite" tests="56" assertions="140" errors="0" warnings="0" failures="0" skipped="0" time="0.461734">
      <testsuite name="App\Cards\BlackJackTest" file="/home/tim/dbwebb-kurser/mvc/me/report/tests/Cards/BlackJackTest.php" tests="13" assertions="62" errors="0" warnings="0" failures="0" skipped="0" time="0.013426">
        <testcase name="testStartGame" class="App\Cards\BlackJackTest" classname="App.Cards.BlackJackTest" file="/home/tim/dbwebb-kurser/mvc/me/report/tests/Cards/BlackJackTest.php" line="15" assertions="2" time="0.007097"/>
        <testcase name="testDrawCard" class="App\Cards\BlackJackTest" classname="App.Cards.BlackJackTest" file="/home/tim/dbwebb-kurser/mvc/me/report/tests/Cards/BlackJackTest.php" line="26" assertions="2" time="0.000429"/>
        <testcase name="testPlayerHand" class="App\Cards\BlackJackTest" classname="App.Cards.BlackJackTest" file="/home/tim/dbwebb-kurser/mvc/me/report/tests/Cards/BlackJackTest.php" line="36" assertions="5" time="0.000793"/>
        <testcase name="testDealerHand" class="App\Cards\BlackJackTest" classname="App.Cards.BlackJackTest" file="/home/tim/dbwebb-kurser/mvc/me/report/tests/Cards/BlackJackTest.php" line="65" assertions="4" time="0.000484"/>
        <testcase name="testGetScore" class="App\Cards\BlackJackTest" classname="App.Cards.BlackJackTest" file="/home/tim/dbwebb-kurser/mvc/me/report/tests/Cards/BlackJackTest.php" line="84" assertions="7" time="0.000425"/>
        <testcase name="testDealerGetScore" class="App\Cards\BlackJackTest" classname="App.Cards.BlackJackTest" file="/home/tim/dbwebb-kurser/mvc/me/report/tests/Cards/BlackJackTest.php" line="134" assertions="3" time="0.000736"/>
        <testcase name="testGetPlayerScore" class="App\Cards\BlackJackTest" classname="App.Cards.BlackJackTest" file="/home/tim/dbwebb-kurser/mvc/me/report/tests/Cards/BlackJackTest.php" line="155" assertions="2" time="0.000429"/>
        <testcase name="testNoScore" class="App\Cards\BlackJackTest" classname="App.Cards.BlackJackTest" file="/home/tim/dbwebb-kurser/mvc/me/report/tests/Cards/BlackJackTest.php" line="169" assertions="3" time="0.000421"/>
        <testcase name="testGame21" class="App\Cards\BlackJackTest" classname="App.Cards.BlackJackTest" file="/home/tim/dbwebb-kurser/mvc/me/report/tests/Cards/BlackJackTest.php" line="181" assertions="8" time="0.000620"/>
        <testcase name="testGameBust" class="App\Cards\BlackJackTest" classname="App.Cards.BlackJackTest" file="/home/tim/dbwebb-kurser/mvc/me/report/tests/Cards/BlackJackTest.php" line="220" assertions="8" time="0.000633"/>
        <testcase name="testGameSameValue" class="App\Cards\BlackJackTest" classname="App.Cards.BlackJackTest" file="/home/tim/dbwebb-kurser/mvc/me/report/tests/Cards/BlackJackTest.php" line="259" assertions="6" time="0.000439"/>
        <testcase name="testPlayerWin" class="App\Cards\BlackJackTest" classname="App.Cards.BlackJackTest" file="/home/tim/dbwebb-kurser/mvc/me/report/tests/Cards/BlackJackTest.php" line="294" assertions="6" time="0.000452"/>
        <testcase name="testDealerWin" class="App\Cards\BlackJackTest" classname="App.Cards.BlackJackTest" file="/home/tim/dbwebb-kurser/mvc/me/report/tests/Cards/BlackJackTest.php" line="330" assertions="6" time="0.000469"/>
      </testsuite>
      <testsuite name="App\Cards\CardGraphicTest" file="/home/tim/dbwebb-kurser/mvc/me/report/tests/Cards/CardGraphicTest.php" tests="2" assertions="5" errors="0" warnings="0" failures="0" skipped="0" time="0.000469">
        <testcase name="testCreateCard" class="App\Cards\CardGraphicTest" classname="App.Cards.CardGraphicTest" file="/home/tim/dbwebb-kurser/mvc/me/report/tests/Cards/CardGraphicTest.php" line="15" assertions="2" time="0.000228"/>
        <testcase name="testGetAssString" class="App\Cards\CardGraphicTest" classname="App.Cards.CardGraphicTest" file="/home/tim/dbwebb-kurser/mvc/me/report/tests/Cards/CardGraphicTest.php" line="26" assertions="3" time="0.000241"/>
      </testsuite>
      <testsuite name="App\Cards\CardsTest" file="/home/tim/dbwebb-kurser/mvc/me/report/tests/Cards/CardsTest.php" tests="4" assertions="13" errors="0" warnings="0" failures="0" skipped="0" time="0.000964">
        <testcase name="testCreateCard" class="App\Cards\CardsTest" classname="App.Cards.CardsTest" file="/home/tim/dbwebb-kurser/mvc/me/report/tests/Cards/CardsTest.php" line="15" assertions="2" time="0.000285"/>
        <testcase name="testCardValue" class="App\Cards\CardsTest" classname="App.Cards.CardsTest" file="/home/tim/dbwebb-kurser/mvc/me/report/tests/Cards/CardsTest.php" line="27" assertions="4" time="0.000229"/>
        <testcase name="testCardSuit" class="App\Cards\CardsTest" classname="App.Cards.CardsTest" file="/home/tim/dbwebb-kurser/mvc/me/report/tests/Cards/CardsTest.php" line="46" assertions="3" time="0.000223"/>
        <testcase name="testGetString" class="App\Cards\CardsTest" classname="App.Cards.CardsTest" file="/home/tim/dbwebb-kurser/mvc/me/report/tests/Cards/CardsTest.php" line="63" assertions="4" time="0.000228"/>
      </testsuite>
      <testsuite name="App\Cards\DeckOfCardsTest" file="/home/tim/dbwebb-kurser/mvc/me/report/tests/Cards/DeckOfCardsTest.php" tests="7" assertions="20" errors="0" warnings="0" failures="0" skipped="0" time="0.002866">
        <testcase name="testCreateDeck" class="App\Cards\DeckOfCardsTest" classname="App.Cards.DeckOfCardsTest" file="/home/tim/dbwebb-kurser/mvc/me/report/tests/Cards/DeckOfCardsTest.php" line="16" assertions="2" time="0.000388"/>
        <testcase name="testGetString" class="App\Cards\DeckOfCardsTest" classname="App.Cards.DeckOfCardsTest" file="/home/tim/dbwebb-kurser/mvc/me/report/tests/Cards/DeckOfCardsTest.php" line="25" assertions="2" time="0.000435"/>
        <testcase name="testDrawCard" class="App\Cards\DeckOfCardsTest" classname="App.Cards.DeckOfCardsTest" file="/home/tim/dbwebb-kurser/mvc/me/report/tests/Cards/DeckOfCardsTest.php" line="37" assertions="3" time="0.000402"/>
        <testcase name="testTotalCards" class="App\Cards\DeckOfCardsTest" classname="App.Cards.DeckOfCardsTest" file="/home/tim/dbwebb-kurser/mvc/me/report/tests/Cards/DeckOfCardsTest.php" line="54" assertions="2" time="0.000377"/>
        <testcase name="testGetCard" class="App\Cards\DeckOfCardsTest" classname="App.Cards.DeckOfCardsTest" file="/home/tim/dbwebb-kurser/mvc/me/report/tests/Cards/DeckOfCardsTest.php" line="64" assertions="4" time="0.000440"/>
        <testcase name="testGetSuit" class="App\Cards\DeckOfCardsTest" classname="App.Cards.DeckOfCardsTest" file="/home/tim/dbwebb-kurser/mvc/me/report/tests/Cards/DeckOfCardsTest.php" line="84" assertions="5" time="0.000430"/>
        <testcase name="testShuffle" class="App\Cards\DeckOfCardsTest" classname="App.Cards.DeckOfCardsTest" file="/home/tim/dbwebb-kurser/mvc/me/report/tests/Cards/DeckOfCardsTest.php" line="106" assertions="2" time="0.000394"/>
      </testsuite>
      <testsuite name="App\Tests\Controller\ApiControllerTest" file="/home/tim/dbwebb-kurser/mvc/me/report/tests/Controller/ApiControllerTest.php" tests="3" assertions="3" errors="0" warnings="0" failures="0" skipped="0" time="0.207422">
        <testcase name="testApiDeck" class="App\Tests\Controller\ApiControllerTest" classname="App.Tests.Controller.ApiControllerTest" file="/home/tim/dbwebb-kurser/mvc/me/report/tests/Controller/ApiControllerTest.php" line="12" assertions="1" time="0.144440"/>
        <testcase name="testShowAllProduct" class="App\Tests\Controller\ApiControllerTest" classname="App.Tests.Controller.ApiControllerTest" file="/home/tim/dbwebb-kurser/mvc/me/report/tests/Controller/ApiControllerTest.php" line="26" assertions="1" time="0.053784"/>
        <testcase name="testShowBookByISBN" class="App\Tests\Controller\ApiControllerTest" classname="App.Tests.Controller.ApiControllerTest" file="/home/tim/dbwebb-kurser/mvc/me/report/tests/Controller/ApiControllerTest.php" line="40" assertions="1" time="0.009199"/>
      </testsuite>
      <testsuite name="App\Tests\Controller\BookControllerTest" file="/home/tim/dbwebb-kurser/mvc/me/report/tests/Controller/BookControllerTest.php" tests="3" assertions="3" errors="0" warnings="0" failures="0" skipped="0" time="0.048375">
        <testcase name="testIndex" class="App\Tests\Controller\BookControllerTest" classname="App.Tests.Controller.BookControllerTest" file="/home/tim/dbwebb-kurser/mvc/me/report/tests/Controller/BookControllerTest.php" line="12" assertions="1" time="0.025192"/>
        <testcase name="testLibrary" class="App\Tests\Controller\BookControllerTest" classname="App.Tests.Controller.BookControllerTest" file="/home/tim/dbwebb-kurser/mvc/me/report/tests/Controller/BookControllerTest.php" line="25" assertions="1" time="0.011979"/>
        <testcase name="testCreatingBook" class="App\Tests\Controller\BookControllerTest" classname="App.Tests.Controller.BookControllerTest" file="/home/tim/dbwebb-kurser/mvc/me/report/tests/Controller/BookControllerTest.php" line="39" assertions="1" time="0.011204"/>
      </testsuite>
      <testsuite name="App\Tests\Controller\CardsControllerTest" file="/home/tim/dbwebb-kurser/mvc/me/report/tests/Controller/CardsControllerTest.php" tests="3" assertions="3" errors="0" warnings="0" failures="0" skipped="0" time="0.033009">
        <testcase name="testSessionStart" class="App\Tests\Controller\CardsControllerTest" classname="App.Tests.Controller.CardsControllerTest" file="/home/tim/dbwebb-kurser/mvc/me/report/tests/Controller/CardsControllerTest.php" line="12" assertions="1" time="0.008664"/>
        <testcase name="testSessionDelete" class="App\Tests\Controller\CardsControllerTest" classname="App.Tests.Controller.CardsControllerTest" file="/home/tim/dbwebb-kurser/mvc/me/report/tests/Controller/CardsControllerTest.php" line="25" assertions="1" time="0.011910"/>
        <testcase name="testCard" class="App\Tests\Controller\CardsControllerTest" classname="App.Tests.Controller.CardsControllerTest" file="/home/tim/dbwebb-kurser/mvc/me/report/tests/Controller/CardsControllerTest.php" line="39" assertions="1" time="0.012435"/>
      </testsuite>
      <testsuite name="App\Tests\Controller\GameControllerTest" file="/home/tim/dbwebb-kurser/mvc/me/report/tests/Controller/GameControllerTest.php" tests="3" assertions="3" errors="0" warnings="0" failures="0" skipped="0" time="0.030736">
        <testcase name="testGameSession" class="App\Tests\Controller\GameControllerTest" classname="App.Tests.Controller.GameControllerTest" file="/home/tim/dbwebb-kurser/mvc/me/report/tests/Controller/GameControllerTest.php" line="13" assertions="1" time="0.005954"/>
        <testcase name="testStartGame" class="App\Tests\Controller\GameControllerTest" classname="App.Tests.Controller.GameControllerTest" file="/home/tim/dbwebb-kurser/mvc/me/report/tests/Controller/GameControllerTest.php" line="26" assertions="1" time="0.011885"/>
        <testcase name="testGameDoc" class="App\Tests\Controller\GameControllerTest" classname="App.Tests.Controller.GameControllerTest" file="/home/tim/dbwebb-kurser/mvc/me/report/tests/Controller/GameControllerTest.php" line="42" assertions="1" time="0.012897"/>
      </testsuite>
      <testsuite name="App\Tests\Controller\LuckyControllerJsonTest" file="/home/tim/dbwebb-kurser/mvc/me/report/tests/Controller/LuckyControllerJsonTest.php" tests="3" assertions="3" errors="0" warnings="0" failures="0" skipped="0" time="0.017930">
        <testcase name="testJsonNumber" class="App\Tests\Controller\LuckyControllerJsonTest" classname="App.Tests.Controller.LuckyControllerJsonTest" file="/home/tim/dbwebb-kurser/mvc/me/report/tests/Controller/LuckyControllerJsonTest.php" line="12" assertions="1" time="0.006182"/>
        <testcase name="testHi" class="App\Tests\Controller\LuckyControllerJsonTest" classname="App.Tests.Controller.LuckyControllerJsonTest" file="/home/tim/dbwebb-kurser/mvc/me/report/tests/Controller/LuckyControllerJsonTest.php" line="25" assertions="1" time="0.005456"/>
        <testcase name="testLuckyNumber" class="App\Tests\Controller\LuckyControllerJsonTest" classname="App.Tests.Controller.LuckyControllerJsonTest" file="/home/tim/dbwebb-kurser/mvc/me/report/tests/Controller/LuckyControllerJsonTest.php" line="38" assertions="1" time="0.006292"/>
      </testsuite>
      <testsuite name="App\Tests\Controller\LuckyControllerTwigTest" file="/home/tim/dbwebb-kurser/mvc/me/report/tests/Controller/LuckyControllerTwigTest.php" tests="5" assertions="5" errors="0" warnings="0" failures="0" skipped="0" time="0.061167">
        <testcase name="testNumber" class="App\Tests\Controller\LuckyControllerTwigTest" classname="App.Tests.Controller.LuckyControllerTwigTest" file="/home/tim/dbwebb-kurser/mvc/me/report/tests/Controller/LuckyControllerTwigTest.php" line="12" assertions="1" time="0.014264"/>
        <testcase name="testHome" class="App\Tests\Controller\LuckyControllerTwigTest" classname="App.Tests.Controller.LuckyControllerTwigTest" file="/home/tim/dbwebb-kurser/mvc/me/report/tests/Controller/LuckyControllerTwigTest.php" line="25" assertions="1" time="0.011044"/>
        <testcase name="testAbout" class="App\Tests\Controller\LuckyControllerTwigTest" classname="App.Tests.Controller.LuckyControllerTwigTest" file="/home/tim/dbwebb-kurser/mvc/me/report/tests/Controller/LuckyControllerTwigTest.php" line="39" assertions="1" time="0.010923"/>
        <testcase name="testMain" class="App\Tests\Controller\LuckyControllerTwigTest" classname="App.Tests.Controller.LuckyControllerTwigTest" file="/home/tim/dbwebb-kurser/mvc/me/report/tests/Controller/LuckyControllerTwigTest.php" line="52" assertions="1" time="0.010826"/>
        <testcase name="testReport" class="App\Tests\Controller\LuckyControllerTwigTest" classname="App.Tests.Controller.LuckyControllerTwigTest" file="/home/tim/dbwebb-kurser/mvc/me/report/tests/Controller/LuckyControllerTwigTest.php" line="65" assertions="1" time="0.014111"/>
      </testsuite>
      <testsuite name="App\Tests\Controller\MetricsControllerJsonTest" file="/home/tim/dbwebb-kurser/mvc/me/report/tests/Controller/MetricsControllerTest.php" tests="1" assertions="1" errors="0" warnings="0" failures="0" skipped="0" time="0.014572">
        <testcase name="testMetrics" class="App\Tests\Controller\MetricsControllerJsonTest" classname="App.Tests.Controller.MetricsControllerJsonTest" file="/home/tim/dbwebb-kurser/mvc/me/report/tests/Controller/MetricsControllerTest.php" line="12" assertions="1" time="0.014572"/>
      </testsuite>
      <testsuite name="App\Tests\Controller\QuoteControllerTest" file="/home/tim/dbwebb-kurser/mvc/me/report/tests/Controller/QuoteControllerTest.php" tests="3" assertions="3" errors="0" warnings="0" failures="0" skipped="0" time="0.028945">
        <testcase name="testJsonShowQuote" class="App\Tests\Controller\QuoteControllerTest" classname="App.Tests.Controller.QuoteControllerTest" file="/home/tim/dbwebb-kurser/mvc/me/report/tests/Controller/QuoteControllerTest.php" line="12" assertions="1" time="0.005987"/>
        <testcase name="testShowQuote" class="App\Tests\Controller\QuoteControllerTest" classname="App.Tests.Controller.QuoteControllerTest" file="/home/tim/dbwebb-kurser/mvc/me/report/tests/Controller/QuoteControllerTest.php" line="25" assertions="1" time="0.010815"/>
        <testcase name="testApi" class="App\Tests\Controller\QuoteControllerTest" classname="App.Tests.Controller.QuoteControllerTest" file="/home/tim/dbwebb-kurser/mvc/me/report/tests/Controller/QuoteControllerTest.php" line="38" assertions="1" time="0.012144"/>
      </testsuite>
      <testsuite name="App\Dice\DiceTest" file="/home/tim/dbwebb-kurser/mvc/me/report/tests/Dice/DiceTest.php" tests="2" assertions="4" errors="0" warnings="0" failures="0" skipped="0" time="0.000835">
        <testcase name="testCreateDice" class="App\Dice\DiceTest" classname="App.Dice.DiceTest" file="/home/tim/dbwebb-kurser/mvc/me/report/tests/Dice/DiceTest.php" line="16" assertions="2" time="0.000585"/>
        <testcase name="testDiceRoll" class="App\Dice\DiceTest" classname="App.Dice.DiceTest" file="/home/tim/dbwebb-kurser/mvc/me/report/tests/Dice/DiceTest.php" line="26" assertions="2" time="0.000250"/>
      </testsuite>
      <testsuite name="App\Entity\BookTest" file="/home/tim/dbwebb-kurser/mvc/me/report/tests/Entity/BookTest.php" tests="4" assertions="12" errors="0" warnings="0" failures="0" skipped="0" time="0.001018">
        <testcase name="testSetTitle" class="App\Entity\BookTest" classname="App.Entity.BookTest" file="/home/tim/dbwebb-kurser/mvc/me/report/tests/Entity/BookTest.php" line="16" assertions="3" time="0.000259"/>
        <testcase name="testSetISBN" class="App\Entity\BookTest" classname="App.Entity.BookTest" file="/home/tim/dbwebb-kurser/mvc/me/report/tests/Entity/BookTest.php" line="28" assertions="3" time="0.000246"/>
        <testcase name="testSetImage" class="App\Entity\BookTest" classname="App.Entity.BookTest" file="/home/tim/dbwebb-kurser/mvc/me/report/tests/Entity/BookTest.php" line="40" assertions="3" time="0.000255"/>
        <testcase name="testSetWriter" class="App\Entity\BookTest" classname="App.Entity.BookTest" file="/home/tim/dbwebb-kurser/mvc/me/report/tests/Entity/BookTest.php" line="52" assertions="3" time="0.000258"/>
      </testsuite>
    </testsuite>
  </testsuite>
</testsuites>
