<?xml version="1.0" encoding="UTF-8"?>
<testsuites>
  <testsuite name="" tests="56" assertions="140" errors="0" warnings="0" failures="0" skipped="0" time="0.457213">
    <testsuite name="Project Test Suite" tests="56" assertions="140" errors="0" warnings="0" failures="0" skipped="0" time="0.457213">
      <testsuite name="App\Cards\BlackJackTest" file="/home/tim/dbwebb-kurser/mvc/me/report/tests/Cards/BlackJackTest.php" tests="13" assertions="62" errors="0" warnings="0" failures="0" skipped="0" time="0.014261">
        <testcase name="testStartGame" class="App\Cards\BlackJackTest" classname="App.Cards.BlackJackTest" file="/home/tim/dbwebb-kurser/mvc/me/report/tests/Cards/BlackJackTest.php" line="15" assertions="2" time="0.007430"/>
        <testcase name="testDrawCard" class="App\Cards\BlackJackTest" classname="App.Cards.BlackJackTest" file="/home/tim/dbwebb-kurser/mvc/me/report/tests/Cards/BlackJackTest.php" line="26" assertions="2" time="0.000473"/>
        <testcase name="testPlayerHand" class="App\Cards\BlackJackTest" classname="App.Cards.BlackJackTest" file="/home/tim/dbwebb-kurser/mvc/me/report/tests/Cards/BlackJackTest.php" line="36" assertions="5" time="0.000864"/>
        <testcase name="testDealerHand" class="App\Cards\BlackJackTest" classname="App.Cards.BlackJackTest" file="/home/tim/dbwebb-kurser/mvc/me/report/tests/Cards/BlackJackTest.php" line="65" assertions="4" time="0.000522"/>
        <testcase name="testGetScore" class="App\Cards\BlackJackTest" classname="App.Cards.BlackJackTest" file="/home/tim/dbwebb-kurser/mvc/me/report/tests/Cards/BlackJackTest.php" line="84" assertions="7" time="0.000481"/>
        <testcase name="testDealerGetScore" class="App\Cards\BlackJackTest" classname="App.Cards.BlackJackTest" file="/home/tim/dbwebb-kurser/mvc/me/report/tests/Cards/BlackJackTest.php" line="134" assertions="3" time="0.000759"/>
        <testcase name="testGetPlayerScore" class="App\Cards\BlackJackTest" classname="App.Cards.BlackJackTest" file="/home/tim/dbwebb-kurser/mvc/me/report/tests/Cards/BlackJackTest.php" line="155" assertions="2" time="0.000453"/>
        <testcase name="testNoScore" class="App\Cards\BlackJackTest" classname="App.Cards.BlackJackTest" file="/home/tim/dbwebb-kurser/mvc/me/report/tests/Cards/BlackJackTest.php" line="169" assertions="3" time="0.000453"/>
        <testcase name="testGame21" class="App\Cards\BlackJackTest" classname="App.Cards.BlackJackTest" file="/home/tim/dbwebb-kurser/mvc/me/report/tests/Cards/BlackJackTest.php" line="181" assertions="8" time="0.000671"/>
        <testcase name="testGameBust" class="App\Cards\BlackJackTest" classname="App.Cards.BlackJackTest" file="/home/tim/dbwebb-kurser/mvc/me/report/tests/Cards/BlackJackTest.php" line="220" assertions="8" time="0.000670"/>
        <testcase name="testGameSameValue" class="App\Cards\BlackJackTest" classname="App.Cards.BlackJackTest" file="/home/tim/dbwebb-kurser/mvc/me/report/tests/Cards/BlackJackTest.php" line="259" assertions="6" time="0.000479"/>
        <testcase name="testPlayerWin" class="App\Cards\BlackJackTest" classname="App.Cards.BlackJackTest" file="/home/tim/dbwebb-kurser/mvc/me/report/tests/Cards/BlackJackTest.php" line="294" assertions="6" time="0.000503"/>
        <testcase name="testDealerWin" class="App\Cards\BlackJackTest" classname="App.Cards.BlackJackTest" file="/home/tim/dbwebb-kurser/mvc/me/report/tests/Cards/BlackJackTest.php" line="330" assertions="6" time="0.000504"/>
      </testsuite>
      <testsuite name="App\Cards\CardGraphicTest" file="/home/tim/dbwebb-kurser/mvc/me/report/tests/Cards/CardGraphicTest.php" tests="2" assertions="5" errors="0" warnings="0" failures="0" skipped="0" time="0.000508">
        <testcase name="testCreateCard" class="App\Cards\CardGraphicTest" classname="App.Cards.CardGraphicTest" file="/home/tim/dbwebb-kurser/mvc/me/report/tests/Cards/CardGraphicTest.php" line="15" assertions="2" time="0.000246"/>
        <testcase name="testGetAssString" class="App\Cards\CardGraphicTest" classname="App.Cards.CardGraphicTest" file="/home/tim/dbwebb-kurser/mvc/me/report/tests/Cards/CardGraphicTest.php" line="26" assertions="3" time="0.000262"/>
      </testsuite>
      <testsuite name="App\Cards\CardsTest" file="/home/tim/dbwebb-kurser/mvc/me/report/tests/Cards/CardsTest.php" tests="4" assertions="13" errors="0" warnings="0" failures="0" skipped="0" time="0.000995">
        <testcase name="testCreateCard" class="App\Cards\CardsTest" classname="App.Cards.CardsTest" file="/home/tim/dbwebb-kurser/mvc/me/report/tests/Cards/CardsTest.php" line="15" assertions="2" time="0.000250"/>
        <testcase name="testCardValue" class="App\Cards\CardsTest" classname="App.Cards.CardsTest" file="/home/tim/dbwebb-kurser/mvc/me/report/tests/Cards/CardsTest.php" line="27" assertions="4" time="0.000244"/>
        <testcase name="testCardSuit" class="App\Cards\CardsTest" classname="App.Cards.CardsTest" file="/home/tim/dbwebb-kurser/mvc/me/report/tests/Cards/CardsTest.php" line="46" assertions="3" time="0.000254"/>
        <testcase name="testGetString" class="App\Cards\CardsTest" classname="App.Cards.CardsTest" file="/home/tim/dbwebb-kurser/mvc/me/report/tests/Cards/CardsTest.php" line="63" assertions="4" time="0.000247"/>
      </testsuite>
      <testsuite name="App\Cards\DeckOfCardsTest" file="/home/tim/dbwebb-kurser/mvc/me/report/tests/Cards/DeckOfCardsTest.php" tests="7" assertions="20" errors="0" warnings="0" failures="0" skipped="0" time="0.003114">
        <testcase name="testCreateDeck" class="App\Cards\DeckOfCardsTest" classname="App.Cards.DeckOfCardsTest" file="/home/tim/dbwebb-kurser/mvc/me/report/tests/Cards/DeckOfCardsTest.php" line="16" assertions="2" time="0.000421"/>
        <testcase name="testGetString" class="App\Cards\DeckOfCardsTest" classname="App.Cards.DeckOfCardsTest" file="/home/tim/dbwebb-kurser/mvc/me/report/tests/Cards/DeckOfCardsTest.php" line="25" assertions="2" time="0.000468"/>
        <testcase name="testDrawCard" class="App\Cards\DeckOfCardsTest" classname="App.Cards.DeckOfCardsTest" file="/home/tim/dbwebb-kurser/mvc/me/report/tests/Cards/DeckOfCardsTest.php" line="37" assertions="3" time="0.000434"/>
        <testcase name="testTotalCards" class="App\Cards\DeckOfCardsTest" classname="App.Cards.DeckOfCardsTest" file="/home/tim/dbwebb-kurser/mvc/me/report/tests/Cards/DeckOfCardsTest.php" line="54" assertions="2" time="0.000407"/>
        <testcase name="testGetCard" class="App\Cards\DeckOfCardsTest" classname="App.Cards.DeckOfCardsTest" file="/home/tim/dbwebb-kurser/mvc/me/report/tests/Cards/DeckOfCardsTest.php" line="64" assertions="4" time="0.000487"/>
        <testcase name="testGetSuit" class="App\Cards\DeckOfCardsTest" classname="App.Cards.DeckOfCardsTest" file="/home/tim/dbwebb-kurser/mvc/me/report/tests/Cards/DeckOfCardsTest.php" line="84" assertions="5" time="0.000473"/>
        <testcase name="testShuffle" class="App\Cards\DeckOfCardsTest" classname="App.Cards.DeckOfCardsTest" file="/home/tim/dbwebb-kurser/mvc/me/report/tests/Cards/DeckOfCardsTest.php" line="106" assertions="2" time="0.000425"/>
      </testsuite>
      <testsuite name="App\Tests\Controller\ApiControllerTest" file="/home/tim/dbwebb-kurser/mvc/me/report/tests/Controller/ApiControllerTest.php" tests="3" assertions="3" errors="0" warnings="0" failures="0" skipped="0" time="0.212564">
        <testcase name="testApiDeck" class="App\Tests\Controller\ApiControllerTest" classname="App.Tests.Controller.ApiControllerTest" file="/home/tim/dbwebb-kurser/mvc/me/report/tests/Controller/ApiControllerTest.php" line="11" assertions="1" time="0.153165"/>
        <testcase name="testShowAllProduct" class="App\Tests\Controller\ApiControllerTest" classname="App.Tests.Controller.ApiControllerTest" file="/home/tim/dbwebb-kurser/mvc/me/report/tests/Controller/ApiControllerTest.php" line="25" assertions="1" time="0.050823"/>
        <testcase name="testShowBookByISBN" class="App\Tests\Controller\ApiControllerTest" classname="App.Tests.Controller.ApiControllerTest" file="/home/tim/dbwebb-kurser/mvc/me/report/tests/Controller/ApiControllerTest.php" line="39" assertions="1" time="0.008576"/>
      </testsuite>
      <testsuite name="App\Tests\Controller\BookControllerTest" file="/home/tim/dbwebb-kurser/mvc/me/report/tests/Controller/BookControllerTest.php" tests="3" assertions="3" errors="0" warnings="0" failures="0" skipped="0" time="0.046028">
        <testcase name="testIndex" class="App\Tests\Controller\BookControllerTest" classname="App.Tests.Controller.BookControllerTest" file="/home/tim/dbwebb-kurser/mvc/me/report/tests/Controller/BookControllerTest.php" line="11" assertions="1" time="0.023778"/>
        <testcase name="testLibrary" class="App\Tests\Controller\BookControllerTest" classname="App.Tests.Controller.BookControllerTest" file="/home/tim/dbwebb-kurser/mvc/me/report/tests/Controller/BookControllerTest.php" line="24" assertions="1" time="0.011634"/>
        <testcase name="testCreatingBook" class="App\Tests\Controller\BookControllerTest" classname="App.Tests.Controller.BookControllerTest" file="/home/tim/dbwebb-kurser/mvc/me/report/tests/Controller/BookControllerTest.php" line="38" assertions="1" time="0.010616"/>
      </testsuite>
      <testsuite name="App\Tests\Controller\CardsControllerTest" file="/home/tim/dbwebb-kurser/mvc/me/report/tests/Controller/CardsControllerTest.php" tests="3" assertions="3" errors="0" warnings="0" failures="0" skipped="0" time="0.032538">
        <testcase name="testSessionStart" class="App\Tests\Controller\CardsControllerTest" classname="App.Tests.Controller.CardsControllerTest" file="/home/tim/dbwebb-kurser/mvc/me/report/tests/Controller/CardsControllerTest.php" line="11" assertions="1" time="0.008501"/>
        <testcase name="testSessionDelete" class="App\Tests\Controller\CardsControllerTest" classname="App.Tests.Controller.CardsControllerTest" file="/home/tim/dbwebb-kurser/mvc/me/report/tests/Controller/CardsControllerTest.php" line="24" assertions="1" time="0.011782"/>
        <testcase name="testCard" class="App\Tests\Controller\CardsControllerTest" classname="App.Tests.Controller.CardsControllerTest" file="/home/tim/dbwebb-kurser/mvc/me/report/tests/Controller/CardsControllerTest.php" line="38" assertions="1" time="0.012256"/>
      </testsuite>
      <testsuite name="App\Tests\Controller\GameControllerTest" file="/home/tim/dbwebb-kurser/mvc/me/report/tests/Controller/GameControllerTest.php" tests="3" assertions="3" errors="0" warnings="0" failures="0" skipped="0" time="0.029826">
        <testcase name="testGameSession" class="App\Tests\Controller\GameControllerTest" classname="App.Tests.Controller.GameControllerTest" file="/home/tim/dbwebb-kurser/mvc/me/report/tests/Controller/GameControllerTest.php" line="13" assertions="1" time="0.005559"/>
        <testcase name="testStartGame" class="App\Tests\Controller\GameControllerTest" classname="App.Tests.Controller.GameControllerTest" file="/home/tim/dbwebb-kurser/mvc/me/report/tests/Controller/GameControllerTest.php" line="26" assertions="1" time="0.011497"/>
        <testcase name="testGameDoc" class="App\Tests\Controller\GameControllerTest" classname="App.Tests.Controller.GameControllerTest" file="/home/tim/dbwebb-kurser/mvc/me/report/tests/Controller/GameControllerTest.php" line="42" assertions="1" time="0.012770"/>
      </testsuite>
      <testsuite name="App\Tests\Controller\LuckyControllerJsonTest" file="/home/tim/dbwebb-kurser/mvc/me/report/tests/Controller/LuckyControllerJsonTest.php" tests="3" assertions="3" errors="0" warnings="0" failures="0" skipped="0" time="0.016613">
        <testcase name="testJsonNumber" class="App\Tests\Controller\LuckyControllerJsonTest" classname="App.Tests.Controller.LuckyControllerJsonTest" file="/home/tim/dbwebb-kurser/mvc/me/report/tests/Controller/LuckyControllerJsonTest.php" line="11" assertions="1" time="0.005554"/>
        <testcase name="testHi" class="App\Tests\Controller\LuckyControllerJsonTest" classname="App.Tests.Controller.LuckyControllerJsonTest" file="/home/tim/dbwebb-kurser/mvc/me/report/tests/Controller/LuckyControllerJsonTest.php" line="24" assertions="1" time="0.005282"/>
        <testcase name="testLuckyNumber" class="App\Tests\Controller\LuckyControllerJsonTest" classname="App.Tests.Controller.LuckyControllerJsonTest" file="/home/tim/dbwebb-kurser/mvc/me/report/tests/Controller/LuckyControllerJsonTest.php" line="37" assertions="1" time="0.005777"/>
      </testsuite>
      <testsuite name="App\Tests\Controller\LuckyControllerTwigTest" file="/home/tim/dbwebb-kurser/mvc/me/report/tests/Controller/LuckyControllerTwigTest.php" tests="5" assertions="5" errors="0" warnings="0" failures="0" skipped="0" time="0.057749">
        <testcase name="testNumber" class="App\Tests\Controller\LuckyControllerTwigTest" classname="App.Tests.Controller.LuckyControllerTwigTest" file="/home/tim/dbwebb-kurser/mvc/me/report/tests/Controller/LuckyControllerTwigTest.php" line="11" assertions="1" time="0.013257"/>
        <testcase name="testHome" class="App\Tests\Controller\LuckyControllerTwigTest" classname="App.Tests.Controller.LuckyControllerTwigTest" file="/home/tim/dbwebb-kurser/mvc/me/report/tests/Controller/LuckyControllerTwigTest.php" line="24" assertions="1" time="0.010093"/>
        <testcase name="testAbout" class="App\Tests\Controller\LuckyControllerTwigTest" classname="App.Tests.Controller.LuckyControllerTwigTest" file="/home/tim/dbwebb-kurser/mvc/me/report/tests/Controller/LuckyControllerTwigTest.php" line="38" assertions="1" time="0.010608"/>
        <testcase name="testMain" class="App\Tests\Controller\LuckyControllerTwigTest" classname="App.Tests.Controller.LuckyControllerTwigTest" file="/home/tim/dbwebb-kurser/mvc/me/report/tests/Controller/LuckyControllerTwigTest.php" line="51" assertions="1" time="0.010481"/>
        <testcase name="testReport" class="App\Tests\Controller\LuckyControllerTwigTest" classname="App.Tests.Controller.LuckyControllerTwigTest" file="/home/tim/dbwebb-kurser/mvc/me/report/tests/Controller/LuckyControllerTwigTest.php" line="64" assertions="1" time="0.013310"/>
      </testsuite>
      <testsuite name="App\Tests\Controller\MetricsControllerJsonTest" file="/home/tim/dbwebb-kurser/mvc/me/report/tests/Controller/MetricsControllerTest.php" tests="1" assertions="1" errors="0" warnings="0" failures="0" skipped="0" time="0.013400">
        <testcase name="testMetrics" class="App\Tests\Controller\MetricsControllerJsonTest" classname="App.Tests.Controller.MetricsControllerJsonTest" file="/home/tim/dbwebb-kurser/mvc/me/report/tests/Controller/MetricsControllerTest.php" line="11" assertions="1" time="0.013400"/>
      </testsuite>
      <testsuite name="App\Tests\Controller\QuoteControllerTest" file="/home/tim/dbwebb-kurser/mvc/me/report/tests/Controller/QuoteControllerTest.php" tests="3" assertions="3" errors="0" warnings="0" failures="0" skipped="0" time="0.027760">
        <testcase name="testJsonShowQuote" class="App\Tests\Controller\QuoteControllerTest" classname="App.Tests.Controller.QuoteControllerTest" file="/home/tim/dbwebb-kurser/mvc/me/report/tests/Controller/QuoteControllerTest.php" line="11" assertions="1" time="0.005506"/>
        <testcase name="testShowQuote" class="App\Tests\Controller\QuoteControllerTest" classname="App.Tests.Controller.QuoteControllerTest" file="/home/tim/dbwebb-kurser/mvc/me/report/tests/Controller/QuoteControllerTest.php" line="24" assertions="1" time="0.010310"/>
        <testcase name="testApi" class="App\Tests\Controller\QuoteControllerTest" classname="App.Tests.Controller.QuoteControllerTest" file="/home/tim/dbwebb-kurser/mvc/me/report/tests/Controller/QuoteControllerTest.php" line="37" assertions="1" time="0.011944"/>
      </testsuite>
      <testsuite name="App\Dice\DiceTest" file="/home/tim/dbwebb-kurser/mvc/me/report/tests/Dice/DiceTest.php" tests="2" assertions="4" errors="0" warnings="0" failures="0" skipped="0" time="0.000861">
        <testcase name="testCreateDice" class="App\Dice\DiceTest" classname="App.Dice.DiceTest" file="/home/tim/dbwebb-kurser/mvc/me/report/tests/Dice/DiceTest.php" line="16" assertions="2" time="0.000606"/>
        <testcase name="testDiceRoll" class="App\Dice\DiceTest" classname="App.Dice.DiceTest" file="/home/tim/dbwebb-kurser/mvc/me/report/tests/Dice/DiceTest.php" line="26" assertions="2" time="0.000254"/>
      </testsuite>
      <testsuite name="App\Entity\BookTest" file="/home/tim/dbwebb-kurser/mvc/me/report/tests/Entity/BookTest.php" tests="4" assertions="12" errors="0" warnings="0" failures="0" skipped="0" time="0.000998">
        <testcase name="testSetTitle" class="App\Entity\BookTest" classname="App.Entity.BookTest" file="/home/tim/dbwebb-kurser/mvc/me/report/tests/Entity/BookTest.php" line="16" assertions="3" time="0.000257"/>
        <testcase name="testSetISBN" class="App\Entity\BookTest" classname="App.Entity.BookTest" file="/home/tim/dbwebb-kurser/mvc/me/report/tests/Entity/BookTest.php" line="28" assertions="3" time="0.000245"/>
        <testcase name="testSetImage" class="App\Entity\BookTest" classname="App.Entity.BookTest" file="/home/tim/dbwebb-kurser/mvc/me/report/tests/Entity/BookTest.php" line="40" assertions="3" time="0.000259"/>
        <testcase name="testSetWriter" class="App\Entity\BookTest" classname="App.Entity.BookTest" file="/home/tim/dbwebb-kurser/mvc/me/report/tests/Entity/BookTest.php" line="52" assertions="3" time="0.000238"/>
      </testsuite>
    </testsuite>
  </testsuite>
</testsuites>
