<?xml version="1.0" encoding="UTF-8"?>
<testsuites>
  <testsuite name="" tests="56" assertions="140" errors="0" warnings="0" failures="0" skipped="0" time="2.084200">
    <testsuite name="Project Test Suite" tests="56" assertions="140" errors="0" warnings="0" failures="0" skipped="0" time="2.084200">
      <testsuite name="App\Cards\BlackJackTest" file="/home/tim/dbwebb-kurser/mvc/me/report/tests/Cards/BlackJackTest.php" tests="13" assertions="62" errors="0" warnings="0" failures="0" skipped="0" time="0.015116">
        <testcase name="testStartGame" class="App\Cards\BlackJackTest" classname="App.Cards.BlackJackTest" file="/home/tim/dbwebb-kurser/mvc/me/report/tests/Cards/BlackJackTest.php" line="15" assertions="2" time="0.007997"/>
        <testcase name="testDrawCard" class="App\Cards\BlackJackTest" classname="App.Cards.BlackJackTest" file="/home/tim/dbwebb-kurser/mvc/me/report/tests/Cards/BlackJackTest.php" line="26" assertions="2" time="0.000510"/>
        <testcase name="testPlayerHand" class="App\Cards\BlackJackTest" classname="App.Cards.BlackJackTest" file="/home/tim/dbwebb-kurser/mvc/me/report/tests/Cards/BlackJackTest.php" line="36" assertions="5" time="0.000890"/>
        <testcase name="testDealerHand" class="App\Cards\BlackJackTest" classname="App.Cards.BlackJackTest" file="/home/tim/dbwebb-kurser/mvc/me/report/tests/Cards/BlackJackTest.php" line="65" assertions="4" time="0.000521"/>
        <testcase name="testGetScore" class="App\Cards\BlackJackTest" classname="App.Cards.BlackJackTest" file="/home/tim/dbwebb-kurser/mvc/me/report/tests/Cards/BlackJackTest.php" line="84" assertions="7" time="0.000492"/>
        <testcase name="testDealerGetScore" class="App\Cards\BlackJackTest" classname="App.Cards.BlackJackTest" file="/home/tim/dbwebb-kurser/mvc/me/report/tests/Cards/BlackJackTest.php" line="134" assertions="3" time="0.000867"/>
        <testcase name="testGetPlayerScore" class="App\Cards\BlackJackTest" classname="App.Cards.BlackJackTest" file="/home/tim/dbwebb-kurser/mvc/me/report/tests/Cards/BlackJackTest.php" line="155" assertions="2" time="0.000456"/>
        <testcase name="testNoScore" class="App\Cards\BlackJackTest" classname="App.Cards.BlackJackTest" file="/home/tim/dbwebb-kurser/mvc/me/report/tests/Cards/BlackJackTest.php" line="169" assertions="3" time="0.000478"/>
        <testcase name="testGame21" class="App\Cards\BlackJackTest" classname="App.Cards.BlackJackTest" file="/home/tim/dbwebb-kurser/mvc/me/report/tests/Cards/BlackJackTest.php" line="181" assertions="8" time="0.000689"/>
        <testcase name="testGameBust" class="App\Cards\BlackJackTest" classname="App.Cards.BlackJackTest" file="/home/tim/dbwebb-kurser/mvc/me/report/tests/Cards/BlackJackTest.php" line="220" assertions="8" time="0.000684"/>
        <testcase name="testGameSameValue" class="App\Cards\BlackJackTest" classname="App.Cards.BlackJackTest" file="/home/tim/dbwebb-kurser/mvc/me/report/tests/Cards/BlackJackTest.php" line="259" assertions="6" time="0.000491"/>
        <testcase name="testPlayerWin" class="App\Cards\BlackJackTest" classname="App.Cards.BlackJackTest" file="/home/tim/dbwebb-kurser/mvc/me/report/tests/Cards/BlackJackTest.php" line="294" assertions="6" time="0.000505"/>
        <testcase name="testDealerWin" class="App\Cards\BlackJackTest" classname="App.Cards.BlackJackTest" file="/home/tim/dbwebb-kurser/mvc/me/report/tests/Cards/BlackJackTest.php" line="330" assertions="6" time="0.000534"/>
      </testsuite>
      <testsuite name="App\Cards\CardGraphicTest" file="/home/tim/dbwebb-kurser/mvc/me/report/tests/Cards/CardGraphicTest.php" tests="2" assertions="5" errors="0" warnings="0" failures="0" skipped="0" time="0.000525">
        <testcase name="testCreateCard" class="App\Cards\CardGraphicTest" classname="App.Cards.CardGraphicTest" file="/home/tim/dbwebb-kurser/mvc/me/report/tests/Cards/CardGraphicTest.php" line="15" assertions="2" time="0.000274"/>
        <testcase name="testGetAssString" class="App\Cards\CardGraphicTest" classname="App.Cards.CardGraphicTest" file="/home/tim/dbwebb-kurser/mvc/me/report/tests/Cards/CardGraphicTest.php" line="26" assertions="3" time="0.000251"/>
      </testsuite>
      <testsuite name="App\Cards\CardsTest" file="/home/tim/dbwebb-kurser/mvc/me/report/tests/Cards/CardsTest.php" tests="4" assertions="13" errors="0" warnings="0" failures="0" skipped="0" time="0.001010">
        <testcase name="testCreateCard" class="App\Cards\CardsTest" classname="App.Cards.CardsTest" file="/home/tim/dbwebb-kurser/mvc/me/report/tests/Cards/CardsTest.php" line="15" assertions="2" time="0.000237"/>
        <testcase name="testCardValue" class="App\Cards\CardsTest" classname="App.Cards.CardsTest" file="/home/tim/dbwebb-kurser/mvc/me/report/tests/Cards/CardsTest.php" line="27" assertions="4" time="0.000248"/>
        <testcase name="testCardSuit" class="App\Cards\CardsTest" classname="App.Cards.CardsTest" file="/home/tim/dbwebb-kurser/mvc/me/report/tests/Cards/CardsTest.php" line="46" assertions="3" time="0.000243"/>
        <testcase name="testGetString" class="App\Cards\CardsTest" classname="App.Cards.CardsTest" file="/home/tim/dbwebb-kurser/mvc/me/report/tests/Cards/CardsTest.php" line="63" assertions="4" time="0.000281"/>
      </testsuite>
      <testsuite name="App\Cards\DeckOfCardsTest" file="/home/tim/dbwebb-kurser/mvc/me/report/tests/Cards/DeckOfCardsTest.php" tests="7" assertions="20" errors="0" warnings="0" failures="0" skipped="0" time="0.003233">
        <testcase name="testCreateDeck" class="App\Cards\DeckOfCardsTest" classname="App.Cards.DeckOfCardsTest" file="/home/tim/dbwebb-kurser/mvc/me/report/tests/Cards/DeckOfCardsTest.php" line="16" assertions="2" time="0.000441"/>
        <testcase name="testGetString" class="App\Cards\DeckOfCardsTest" classname="App.Cards.DeckOfCardsTest" file="/home/tim/dbwebb-kurser/mvc/me/report/tests/Cards/DeckOfCardsTest.php" line="25" assertions="2" time="0.000520"/>
        <testcase name="testDrawCard" class="App\Cards\DeckOfCardsTest" classname="App.Cards.DeckOfCardsTest" file="/home/tim/dbwebb-kurser/mvc/me/report/tests/Cards/DeckOfCardsTest.php" line="37" assertions="3" time="0.000456"/>
        <testcase name="testTotalCards" class="App\Cards\DeckOfCardsTest" classname="App.Cards.DeckOfCardsTest" file="/home/tim/dbwebb-kurser/mvc/me/report/tests/Cards/DeckOfCardsTest.php" line="54" assertions="2" time="0.000417"/>
        <testcase name="testGetCard" class="App\Cards\DeckOfCardsTest" classname="App.Cards.DeckOfCardsTest" file="/home/tim/dbwebb-kurser/mvc/me/report/tests/Cards/DeckOfCardsTest.php" line="64" assertions="4" time="0.000488"/>
        <testcase name="testGetSuit" class="App\Cards\DeckOfCardsTest" classname="App.Cards.DeckOfCardsTest" file="/home/tim/dbwebb-kurser/mvc/me/report/tests/Cards/DeckOfCardsTest.php" line="84" assertions="5" time="0.000475"/>
        <testcase name="testShuffle" class="App\Cards\DeckOfCardsTest" classname="App.Cards.DeckOfCardsTest" file="/home/tim/dbwebb-kurser/mvc/me/report/tests/Cards/DeckOfCardsTest.php" line="106" assertions="2" time="0.000434"/>
      </testsuite>
      <testsuite name="App\Tests\Controller\ApiControllerTest" file="/home/tim/dbwebb-kurser/mvc/me/report/tests/Controller/ApiControllerTest.php" tests="3" assertions="3" errors="0" warnings="0" failures="0" skipped="0" time="1.802571">
        <testcase name="testApiDeck" class="App\Tests\Controller\ApiControllerTest" classname="App.Tests.Controller.ApiControllerTest" file="/home/tim/dbwebb-kurser/mvc/me/report/tests/Controller/ApiControllerTest.php" line="12" assertions="1" time="1.742079"/>
        <testcase name="testShowAllProduct" class="App\Tests\Controller\ApiControllerTest" classname="App.Tests.Controller.ApiControllerTest" file="/home/tim/dbwebb-kurser/mvc/me/report/tests/Controller/ApiControllerTest.php" line="26" assertions="1" time="0.050865"/>
        <testcase name="testShowBookByISBN" class="App\Tests\Controller\ApiControllerTest" classname="App.Tests.Controller.ApiControllerTest" file="/home/tim/dbwebb-kurser/mvc/me/report/tests/Controller/ApiControllerTest.php" line="40" assertions="1" time="0.009627"/>
      </testsuite>
      <testsuite name="App\Tests\Controller\BookControllerTest" file="/home/tim/dbwebb-kurser/mvc/me/report/tests/Controller/BookControllerTest.php" tests="3" assertions="3" errors="0" warnings="0" failures="0" skipped="0" time="0.061249">
        <testcase name="testIndex" class="App\Tests\Controller\BookControllerTest" classname="App.Tests.Controller.BookControllerTest" file="/home/tim/dbwebb-kurser/mvc/me/report/tests/Controller/BookControllerTest.php" line="12" assertions="1" time="0.036531"/>
        <testcase name="testLibrary" class="App\Tests\Controller\BookControllerTest" classname="App.Tests.Controller.BookControllerTest" file="/home/tim/dbwebb-kurser/mvc/me/report/tests/Controller/BookControllerTest.php" line="25" assertions="1" time="0.013151"/>
        <testcase name="testCreatingBook" class="App\Tests\Controller\BookControllerTest" classname="App.Tests.Controller.BookControllerTest" file="/home/tim/dbwebb-kurser/mvc/me/report/tests/Controller/BookControllerTest.php" line="39" assertions="1" time="0.011567"/>
      </testsuite>
      <testsuite name="App\Tests\Controller\CardsControllerTest" file="/home/tim/dbwebb-kurser/mvc/me/report/tests/Controller/CardsControllerTest.php" tests="3" assertions="3" errors="0" warnings="0" failures="0" skipped="0" time="0.034218">
        <testcase name="testSessionStart" class="App\Tests\Controller\CardsControllerTest" classname="App.Tests.Controller.CardsControllerTest" file="/home/tim/dbwebb-kurser/mvc/me/report/tests/Controller/CardsControllerTest.php" line="12" assertions="1" time="0.009275"/>
        <testcase name="testSessionDelete" class="App\Tests\Controller\CardsControllerTest" classname="App.Tests.Controller.CardsControllerTest" file="/home/tim/dbwebb-kurser/mvc/me/report/tests/Controller/CardsControllerTest.php" line="25" assertions="1" time="0.012686"/>
        <testcase name="testCard" class="App\Tests\Controller\CardsControllerTest" classname="App.Tests.Controller.CardsControllerTest" file="/home/tim/dbwebb-kurser/mvc/me/report/tests/Controller/CardsControllerTest.php" line="39" assertions="1" time="0.012257"/>
      </testsuite>
      <testsuite name="App\Tests\Controller\GameControllerTest" file="/home/tim/dbwebb-kurser/mvc/me/report/tests/Controller/GameControllerTest.php" tests="3" assertions="3" errors="0" warnings="0" failures="0" skipped="0" time="0.039537">
        <testcase name="testGameSession" class="App\Tests\Controller\GameControllerTest" classname="App.Tests.Controller.GameControllerTest" file="/home/tim/dbwebb-kurser/mvc/me/report/tests/Controller/GameControllerTest.php" line="13" assertions="1" time="0.006688"/>
        <testcase name="testStartGame" class="App\Tests\Controller\GameControllerTest" classname="App.Tests.Controller.GameControllerTest" file="/home/tim/dbwebb-kurser/mvc/me/report/tests/Controller/GameControllerTest.php" line="26" assertions="1" time="0.018108"/>
        <testcase name="testGameDoc" class="App\Tests\Controller\GameControllerTest" classname="App.Tests.Controller.GameControllerTest" file="/home/tim/dbwebb-kurser/mvc/me/report/tests/Controller/GameControllerTest.php" line="42" assertions="1" time="0.014741"/>
      </testsuite>
      <testsuite name="App\Tests\Controller\LuckyControllerJsonTest" file="/home/tim/dbwebb-kurser/mvc/me/report/tests/Controller/LuckyControllerJsonTest.php" tests="3" assertions="3" errors="0" warnings="0" failures="0" skipped="0" time="0.018078">
        <testcase name="testJsonNumber" class="App\Tests\Controller\LuckyControllerJsonTest" classname="App.Tests.Controller.LuckyControllerJsonTest" file="/home/tim/dbwebb-kurser/mvc/me/report/tests/Controller/LuckyControllerJsonTest.php" line="12" assertions="1" time="0.006267"/>
        <testcase name="testHi" class="App\Tests\Controller\LuckyControllerJsonTest" classname="App.Tests.Controller.LuckyControllerJsonTest" file="/home/tim/dbwebb-kurser/mvc/me/report/tests/Controller/LuckyControllerJsonTest.php" line="25" assertions="1" time="0.006070"/>
        <testcase name="testLuckyNumber" class="App\Tests\Controller\LuckyControllerJsonTest" classname="App.Tests.Controller.LuckyControllerJsonTest" file="/home/tim/dbwebb-kurser/mvc/me/report/tests/Controller/LuckyControllerJsonTest.php" line="38" assertions="1" time="0.005741"/>
      </testsuite>
      <testsuite name="App\Tests\Controller\LuckyControllerTwigTest" file="/home/tim/dbwebb-kurser/mvc/me/report/tests/Controller/LuckyControllerTwigTest.php" tests="5" assertions="5" errors="0" warnings="0" failures="0" skipped="0" time="0.059500">
        <testcase name="testNumber" class="App\Tests\Controller\LuckyControllerTwigTest" classname="App.Tests.Controller.LuckyControllerTwigTest" file="/home/tim/dbwebb-kurser/mvc/me/report/tests/Controller/LuckyControllerTwigTest.php" line="12" assertions="1" time="0.011644"/>
        <testcase name="testHome" class="App\Tests\Controller\LuckyControllerTwigTest" classname="App.Tests.Controller.LuckyControllerTwigTest" file="/home/tim/dbwebb-kurser/mvc/me/report/tests/Controller/LuckyControllerTwigTest.php" line="25" assertions="1" time="0.011198"/>
        <testcase name="testAbout" class="App\Tests\Controller\LuckyControllerTwigTest" classname="App.Tests.Controller.LuckyControllerTwigTest" file="/home/tim/dbwebb-kurser/mvc/me/report/tests/Controller/LuckyControllerTwigTest.php" line="39" assertions="1" time="0.011426"/>
        <testcase name="testMain" class="App\Tests\Controller\LuckyControllerTwigTest" classname="App.Tests.Controller.LuckyControllerTwigTest" file="/home/tim/dbwebb-kurser/mvc/me/report/tests/Controller/LuckyControllerTwigTest.php" line="52" assertions="1" time="0.010791"/>
        <testcase name="testReport" class="App\Tests\Controller\LuckyControllerTwigTest" classname="App.Tests.Controller.LuckyControllerTwigTest" file="/home/tim/dbwebb-kurser/mvc/me/report/tests/Controller/LuckyControllerTwigTest.php" line="65" assertions="1" time="0.014440"/>
      </testsuite>
      <testsuite name="App\Tests\Controller\MetricsControllerJsonTest" file="/home/tim/dbwebb-kurser/mvc/me/report/tests/Controller/MetricsControllerTest.php" tests="1" assertions="1" errors="0" warnings="0" failures="0" skipped="0" time="0.015395">
        <testcase name="testMetrics" class="App\Tests\Controller\MetricsControllerJsonTest" classname="App.Tests.Controller.MetricsControllerJsonTest" file="/home/tim/dbwebb-kurser/mvc/me/report/tests/Controller/MetricsControllerTest.php" line="12" assertions="1" time="0.015395"/>
      </testsuite>
      <testsuite name="App\Tests\Controller\QuoteControllerTest" file="/home/tim/dbwebb-kurser/mvc/me/report/tests/Controller/QuoteControllerTest.php" tests="3" assertions="3" errors="0" warnings="0" failures="0" skipped="0" time="0.031983">
        <testcase name="testJsonShowQuote" class="App\Tests\Controller\QuoteControllerTest" classname="App.Tests.Controller.QuoteControllerTest" file="/home/tim/dbwebb-kurser/mvc/me/report/tests/Controller/QuoteControllerTest.php" line="12" assertions="1" time="0.006455"/>
        <testcase name="testShowQuote" class="App\Tests\Controller\QuoteControllerTest" classname="App.Tests.Controller.QuoteControllerTest" file="/home/tim/dbwebb-kurser/mvc/me/report/tests/Controller/QuoteControllerTest.php" line="25" assertions="1" time="0.011830"/>
        <testcase name="testApi" class="App\Tests\Controller\QuoteControllerTest" classname="App.Tests.Controller.QuoteControllerTest" file="/home/tim/dbwebb-kurser/mvc/me/report/tests/Controller/QuoteControllerTest.php" line="38" assertions="1" time="0.013698"/>
      </testsuite>
      <testsuite name="App\Dice\DiceTest" file="/home/tim/dbwebb-kurser/mvc/me/report/tests/Dice/DiceTest.php" tests="2" assertions="4" errors="0" warnings="0" failures="0" skipped="0" time="0.000558">
        <testcase name="testCreateDice" class="App\Dice\DiceTest" classname="App.Dice.DiceTest" file="/home/tim/dbwebb-kurser/mvc/me/report/tests/Dice/DiceTest.php" line="16" assertions="2" time="0.000294"/>
        <testcase name="testDiceRoll" class="App\Dice\DiceTest" classname="App.Dice.DiceTest" file="/home/tim/dbwebb-kurser/mvc/me/report/tests/Dice/DiceTest.php" line="26" assertions="2" time="0.000264"/>
      </testsuite>
      <testsuite name="App\Entity\BookTest" file="/home/tim/dbwebb-kurser/mvc/me/report/tests/Entity/BookTest.php" tests="4" assertions="12" errors="0" warnings="0" failures="0" skipped="0" time="0.001228">
        <testcase name="testSetTitle" class="App\Entity\BookTest" classname="App.Entity.BookTest" file="/home/tim/dbwebb-kurser/mvc/me/report/tests/Entity/BookTest.php" line="16" assertions="3" time="0.000326"/>
        <testcase name="testSetISBN" class="App\Entity\BookTest" classname="App.Entity.BookTest" file="/home/tim/dbwebb-kurser/mvc/me/report/tests/Entity/BookTest.php" line="28" assertions="3" time="0.000300"/>
        <testcase name="testSetImage" class="App\Entity\BookTest" classname="App.Entity.BookTest" file="/home/tim/dbwebb-kurser/mvc/me/report/tests/Entity/BookTest.php" line="40" assertions="3" time="0.000301"/>
        <testcase name="testSetWriter" class="App\Entity\BookTest" classname="App.Entity.BookTest" file="/home/tim/dbwebb-kurser/mvc/me/report/tests/Entity/BookTest.php" line="52" assertions="3" time="0.000301"/>
      </testsuite>
    </testsuite>
  </testsuite>
</testsuites>
